c:\users\liuy\desktop\data\cssc_compression\cssc_compression0604\cssc_compression0604\debug\vc143.pdb
c:\users\liuy\desktop\data\cssc_compression\cssc_compression0604\cssc_compression0604\debug\vc143.idb
c:\users\liuy\desktop\data\cssc_compression\cssc_compression0604\cssc_compression0604\debug\ts_2diff_encoder.obj
c:\users\liuy\desktop\data\cssc_compression\cssc_compression0604\cssc_compression0604\debug\ts_2diff_decoder.obj
c:\users\liuy\desktop\data\cssc_compression\cssc_compression0604\cssc_compression0604\debug\rleencoder.obj
c:\users\liuy\desktop\data\cssc_compression\cssc_compression0604\cssc_compression0604\debug\main.obj
c:\users\liuy\desktop\data\cssc_compression\cssc_compression0604\cssc_compression0604\debug\longdeltaencoder.obj
c:\users\liuy\desktop\data\cssc_compression\cssc_compression0604\cssc_compression0604\debug\longdeltadecoder.obj
c:\users\liuy\desktop\data\cssc_compression\cssc_compression0604\cssc_compression0604\debug\intrleencoder.obj
c:\users\liuy\desktop\data\cssc_compression\cssc_compression0604\cssc_compression0604\debug\intpacker.obj
c:\users\liuy\desktop\data\cssc_compression\cssc_compression0604\cssc_compression0604\debug\intdeltaencoder.obj
c:\users\liuy\desktop\data\cssc_compression\cssc_compression0604\cssc_compression0604\debug\intdeltadecoder.obj
c:\users\liuy\desktop\data\cssc_compression\cssc_compression0604\cssc_compression0604\debug\floatdeltaencoder.obj
c:\users\liuy\desktop\data\cssc_compression\cssc_compression0604\cssc_compression0604\debug\floatdeltadecoder.obj
c:\users\liuy\desktop\data\cssc_compression\cssc_compression0604\cssc_compression0604\debug\bytebuffer.obj
c:\users\liuy\desktop\data\cssc_compression\cssc_compression0604\cssc_compression0604\debug\bytearrayoutputstream.obj
c:\users\liuy\desktop\data\cssc_compression\cssc_compression0604\debug\cssc_compression0604.exe
c:\users\liuy\desktop\data\cssc_compression\cssc_compression0604\cssc_compression0604\debug\cssc_compression0604.ilk
c:\users\liuy\desktop\data\cssc_compression\cssc_compression0604\debug\cssc_compression0604.pdb
c:\users\liuy\desktop\data\cssc_compression\cssc_compression0604\cssc_compression0604\debug\array.obj
c:\users\liuy\desktop\data\cssc_compression\cssc_compression0604\cssc_compression0604\debug\functionencoder.obj
c:\users\liuy\desktop\data\cssc_compression\cssc_compression0604\cssc_compression0604\debug\gzip.obj
c:\users\liuy\desktop\data\cssc_compression\cssc_compression0604\cssc_compression0604\debug\intfunctionencoder.obj
c:\users\liuy\desktop\data\cssc_compression\cssc_compression0604\cssc_compression0604\debug\main.obj.enc
c:\users\liuy\desktop\data\cssc_compression\cssc_compression0604\cssc_compression0604\debug\rleencoder.obj.enc
c:\users\liuy\desktop\data\cssc_compression\cssc_compression0604\cssc_compression0604\debug\cssc_com.ba80f106.tlog\cl.command.1.tlog
c:\users\liuy\desktop\data\cssc_compression\cssc_compression0604\cssc_compression0604\debug\cssc_com.ba80f106.tlog\cl.read.1.tlog
c:\users\liuy\desktop\data\cssc_compression\cssc_compression0604\cssc_compression0604\debug\cssc_com.ba80f106.tlog\cl.write.1.tlog
c:\users\liuy\desktop\data\cssc_compression\cssc_compression0604\cssc_compression0604\debug\cssc_com.ba80f106.tlog\link.command.1.tlog
c:\users\liuy\desktop\data\cssc_compression\cssc_compression0604\cssc_compression0604\debug\cssc_com.ba80f106.tlog\link.read.1.tlog
c:\users\liuy\desktop\data\cssc_compression\cssc_compression0604\cssc_compression0604\debug\cssc_com.ba80f106.tlog\link.write.1.tlog
