d:\本科\git\cssc_compression\cssc_compression\cssc_compression0619\x64\debug\vc143.pdb
d:\本科\git\cssc_compression\cssc_compression\cssc_compression0619\x64\debug\vc143.idb
d:\本科\git\cssc_compression\cssc_compression\cssc_compression0619\x64\debug\rledecoder.obj
d:\本科\git\cssc_compression\cssc_compression\cssc_compression0619\x64\debug\longdeltaencoder.obj
d:\本科\git\cssc_compression\cssc_compression\cssc_compression0619\x64\debug\longdeltadecoder.obj
d:\本科\git\cssc_compression\cssc_compression\cssc_compression0619\x64\debug\intrleencoder.obj
d:\本科\git\cssc_compression\cssc_compression\cssc_compression0619\x64\debug\intrledecoder.obj
d:\本科\git\cssc_compression\cssc_compression\cssc_compression0619\x64\debug\intpacker.obj
d:\本科\git\cssc_compression\cssc_compression\cssc_compression0619\x64\debug\intdeltaencoder.obj
d:\本科\git\cssc_compression\cssc_compression\cssc_compression0619\x64\debug\intdeltadecoder.obj
d:\本科\git\cssc_compression\cssc_compression\cssc_compression0619\x64\debug\indexencoder.obj
d:\本科\git\cssc_compression\cssc_compression\cssc_compression0619\x64\debug\indexdecoder.obj
d:\本科\git\cssc_compression\cssc_compression\cssc_compression0619\x64\debug\gzip.obj
d:\本科\git\cssc_compression\cssc_compression\cssc_compression0619\x64\debug\fragmentencoder.obj
d:\本科\git\cssc_compression\cssc_compression\cssc_compression0619\x64\debug\floatrleencoder.obj
d:\本科\git\cssc_compression\cssc_compression\cssc_compression0619\x64\debug\floatrledecoder.obj
d:\本科\git\cssc_compression\cssc_compression\cssc_compression0619\x64\debug\floatdeltaencoder.obj
d:\本科\git\cssc_compression\cssc_compression\cssc_compression0619\x64\debug\floatdeltadecoder.obj
d:\本科\git\cssc_compression\cssc_compression\cssc_compression0619\x64\debug\bytebuffer.obj
d:\本科\git\cssc_compression\cssc_compression\cssc_compression0619\x64\debug\bytearrayoutputstream.obj
d:\本科\git\cssc_compression\cssc_compression\cssc_compression0619\x64\debug\bitvectorencoder.obj
d:\本科\git\cssc_compression\cssc_compression\cssc_compression0619\x64\debug\bitvectordecoder.obj
d:\本科\git\cssc_compression\cssc_compression\cssc_compression0619\x64\debug\main.obj
d:\本科\git\cssc_compression\cssc_compression\cssc_compression0619\x64\debug\ts_2diff_encoder.obj
d:\本科\git\cssc_compression\cssc_compression\cssc_compression0619\x64\debug\ts_2diff_decoder.obj
d:\本科\git\cssc_compression\cssc_compression\cssc_compression0619\x64\debug\rleencoder.obj
d:\本科\git\cssc_compression\cssc_compression\cssc_compression0619\x64\debug\bytebufferold.obj
d:\本科\git\cssc_compression\cssc_compression\x64\debug\cssc_compression0619.exe
d:\本科\git\cssc_compression\cssc_compression\x64\debug\cssc_compression0619.pdb
d:\本科\git\cssc_compression\cssc_compression\cssc_compression0619\x64\debug\cssc_com.7c465199.tlog\cl.command.1.tlog
d:\本科\git\cssc_compression\cssc_compression\cssc_compression0619\x64\debug\cssc_com.7c465199.tlog\cl.read.1.tlog
d:\本科\git\cssc_compression\cssc_compression\cssc_compression0619\x64\debug\cssc_com.7c465199.tlog\cl.write.1.tlog
d:\本科\git\cssc_compression\cssc_compression\cssc_compression0619\x64\debug\cssc_com.7c465199.tlog\link.command.1.tlog
d:\本科\git\cssc_compression\cssc_compression\cssc_compression0619\x64\debug\cssc_com.7c465199.tlog\link.read.1.tlog
d:\本科\git\cssc_compression\cssc_compression\cssc_compression0619\x64\debug\cssc_com.7c465199.tlog\link.write.1.tlog
